2017-07-11 13:01:47 Error: [Cake\Core\Exception\MissingPluginException] Plugin Sourcefragment/UserAuthentication could not be found. in D:\xampp\htdocs\shoppingcart\vendor\cakephp\cakephp\src\Core\Plugin.php on line 299
Exception Attributes: array (
  'plugin' => 'Sourcefragment/UserAuthentication',
)
Stack Trace:
#0 D:\xampp\htdocs\shoppingcart\vendor\cakephp\cakephp\src\Core\Configure\FileConfigTrait.php(52): Cake\Core\Plugin::configPath('Sourcefragment/...')
#1 D:\xampp\htdocs\shoppingcart\vendor\cakephp\cakephp\src\Core\Configure\Engine\PhpConfig.php(69): Cake\Core\Configure\Engine\PhpConfig->_getFilePath('Sourcefragment/...', true)
#2 D:\xampp\htdocs\shoppingcart\vendor\cakephp\cakephp\src\Core\Configure.php(301): Cake\Core\Configure\Engine\PhpConfig->read('Sourcefragment/...')
#3 D:\xampp\htdocs\shoppingcart\plugins\UserAuthentication\config\bootstrap.php(11): Cake\Core\Configure::load('Sourcefragment/...')
#4 D:\xampp\htdocs\shoppingcart\vendor\cakephp\cakephp\src\Core\Plugin.php(400): include('D:\\xampp\\htdocs...')
#5 D:\xampp\htdocs\shoppingcart\vendor\cakephp\cakephp\src\Core\Plugin.php(322): Cake\Core\Plugin::_includeFile('D:\\xampp\\htdocs...', false)
#6 D:\xampp\htdocs\shoppingcart\vendor\cakephp\cakephp\src\Core\Plugin.php(175): Cake\Core\Plugin::bootstrap('UserAuthenticat...')
#7 D:\xampp\htdocs\shoppingcart\config\bootstrap.php(224): Cake\Core\Plugin::load('UserAuthenticat...', Array)
#8 D:\xampp\htdocs\shoppingcart\vendor\cakephp\cakephp\src\Http\BaseApplication.php(61): require_once('D:\\xampp\\htdocs...')
#9 D:\xampp\htdocs\shoppingcart\vendor\cakephp\cakephp\src\Http\Server.php(70): Cake\Http\BaseApplication->bootstrap()
#10 D:\xampp\htdocs\shoppingcart\webroot\index.php(37): Cake\Http\Server->run()
#11 {main}


2017-07-11 13:02:21 Error: [Cake\Core\Exception\MissingPluginException] Plugin Sourcefragment/UserAuthentication could not be found. in D:\xampp\htdocs\shoppingcart\vendor\cakephp\cakephp\src\Core\Plugin.php on line 149
Exception Attributes: array (
  'plugin' => 'Sourcefragment/UserAuthentication',
)
Stack Trace:
#0 D:\xampp\htdocs\shoppingcart\config\bootstrap.php(224): Cake\Core\Plugin::load('Sourcefragment/...', Array)
#1 D:\xampp\htdocs\shoppingcart\vendor\cakephp\cakephp\src\Http\BaseApplication.php(61): require_once('D:\\xampp\\htdocs...')
#2 D:\xampp\htdocs\shoppingcart\vendor\cakephp\cakephp\src\Http\Server.php(70): Cake\Http\BaseApplication->bootstrap()
#3 D:\xampp\htdocs\shoppingcart\webroot\index.php(37): Cake\Http\Server->run()
#4 {main}


2017-07-11 13:03:31 Error: [Cake\Core\Exception\MissingPluginException] Plugin Sourcefragment/UserAuthentication could not be found. in D:\xampp\htdocs\shoppingcart\vendor\cakephp\cakephp\src\Core\Plugin.php on line 149
Exception Attributes: array (
  'plugin' => 'Sourcefragment/UserAuthentication',
)
Stack Trace:
#0 D:\xampp\htdocs\shoppingcart\config\bootstrap.php(224): Cake\Core\Plugin::load('Sourcefragment/...', Array)
#1 D:\xampp\htdocs\shoppingcart\vendor\cakephp\cakephp\src\Http\BaseApplication.php(61): require_once('D:\\xampp\\htdocs...')
#2 D:\xampp\htdocs\shoppingcart\vendor\cakephp\cakephp\src\Http\Server.php(70): Cake\Http\BaseApplication->bootstrap()
#3 D:\xampp\htdocs\shoppingcart\webroot\index.php(37): Cake\Http\Server->run()
#4 {main}


2017-07-11 13:03:32 Error: [Cake\Core\Exception\MissingPluginException] Plugin Sourcefragment/UserAuthentication could not be found. in D:\xampp\htdocs\shoppingcart\vendor\cakephp\cakephp\src\Core\Plugin.php on line 149
Exception Attributes: array (
  'plugin' => 'Sourcefragment/UserAuthentication',
)
Stack Trace:
#0 D:\xampp\htdocs\shoppingcart\config\bootstrap.php(224): Cake\Core\Plugin::load('Sourcefragment/...', Array)
#1 D:\xampp\htdocs\shoppingcart\vendor\cakephp\cakephp\src\Http\BaseApplication.php(61): require_once('D:\\xampp\\htdocs...')
#2 D:\xampp\htdocs\shoppingcart\vendor\cakephp\cakephp\src\Http\Server.php(70): Cake\Http\BaseApplication->bootstrap()
#3 D:\xampp\htdocs\shoppingcart\webroot\index.php(37): Cake\Http\Server->run()
#4 {main}


2017-07-11 13:08:13 Error: [Cake\Core\Exception\MissingPluginException] Plugin Sourcefragment/UserAuthentication could not be found. in D:\xampp\htdocs\shoppingcart\vendor\cakephp\cakephp\src\Core\Plugin.php on line 149
Exception Attributes: array (
  'plugin' => 'Sourcefragment/UserAuthentication',
)
Stack Trace:
#0 D:\xampp\htdocs\shoppingcart\config\bootstrap.php(224): Cake\Core\Plugin::load('Sourcefragment/...', Array)
#1 D:\xampp\htdocs\shoppingcart\vendor\cakephp\cakephp\src\Http\BaseApplication.php(61): require_once('D:\\xampp\\htdocs...')
#2 D:\xampp\htdocs\shoppingcart\vendor\cakephp\cakephp\src\Http\Server.php(70): Cake\Http\BaseApplication->bootstrap()
#3 D:\xampp\htdocs\shoppingcart\webroot\index.php(37): Cake\Http\Server->run()
#4 {main}


2017-07-11 13:08:14 Error: [Cake\Core\Exception\MissingPluginException] Plugin Sourcefragment/UserAuthentication could not be found. in D:\xampp\htdocs\shoppingcart\vendor\cakephp\cakephp\src\Core\Plugin.php on line 149
Exception Attributes: array (
  'plugin' => 'Sourcefragment/UserAuthentication',
)
Stack Trace:
#0 D:\xampp\htdocs\shoppingcart\config\bootstrap.php(224): Cake\Core\Plugin::load('Sourcefragment/...', Array)
#1 D:\xampp\htdocs\shoppingcart\vendor\cakephp\cakephp\src\Http\BaseApplication.php(61): require_once('D:\\xampp\\htdocs...')
#2 D:\xampp\htdocs\shoppingcart\vendor\cakephp\cakephp\src\Http\Server.php(70): Cake\Http\BaseApplication->bootstrap()
#3 D:\xampp\htdocs\shoppingcart\webroot\index.php(37): Cake\Http\Server->run()
#4 {main}


2017-07-11 13:08:15 Error: [Cake\Core\Exception\MissingPluginException] Plugin Sourcefragment/UserAuthentication could not be found. in D:\xampp\htdocs\shoppingcart\vendor\cakephp\cakephp\src\Core\Plugin.php on line 149
Exception Attributes: array (
  'plugin' => 'Sourcefragment/UserAuthentication',
)
Stack Trace:
#0 D:\xampp\htdocs\shoppingcart\config\bootstrap.php(224): Cake\Core\Plugin::load('Sourcefragment/...', Array)
#1 D:\xampp\htdocs\shoppingcart\vendor\cakephp\cakephp\src\Http\BaseApplication.php(61): require_once('D:\\xampp\\htdocs...')
#2 D:\xampp\htdocs\shoppingcart\vendor\cakephp\cakephp\src\Http\Server.php(70): Cake\Http\BaseApplication->bootstrap()
#3 D:\xampp\htdocs\shoppingcart\webroot\index.php(37): Cake\Http\Server->run()
#4 {main}


2017-07-11 13:08:15 Error: [Cake\Core\Exception\MissingPluginException] Plugin Sourcefragment/UserAuthentication could not be found. in D:\xampp\htdocs\shoppingcart\vendor\cakephp\cakephp\src\Core\Plugin.php on line 149
Exception Attributes: array (
  'plugin' => 'Sourcefragment/UserAuthentication',
)
Stack Trace:
#0 D:\xampp\htdocs\shoppingcart\config\bootstrap.php(224): Cake\Core\Plugin::load('Sourcefragment/...', Array)
#1 D:\xampp\htdocs\shoppingcart\vendor\cakephp\cakephp\src\Http\BaseApplication.php(61): require_once('D:\\xampp\\htdocs...')
#2 D:\xampp\htdocs\shoppingcart\vendor\cakephp\cakephp\src\Http\Server.php(70): Cake\Http\BaseApplication->bootstrap()
#3 D:\xampp\htdocs\shoppingcart\webroot\index.php(37): Cake\Http\Server->run()
#4 {main}


2017-07-11 13:08:15 Error: [Cake\Core\Exception\MissingPluginException] Plugin Sourcefragment/UserAuthentication could not be found. in D:\xampp\htdocs\shoppingcart\vendor\cakephp\cakephp\src\Core\Plugin.php on line 149
Exception Attributes: array (
  'plugin' => 'Sourcefragment/UserAuthentication',
)
Stack Trace:
#0 D:\xampp\htdocs\shoppingcart\config\bootstrap.php(224): Cake\Core\Plugin::load('Sourcefragment/...', Array)
#1 D:\xampp\htdocs\shoppingcart\vendor\cakephp\cakephp\src\Http\BaseApplication.php(61): require_once('D:\\xampp\\htdocs...')
#2 D:\xampp\htdocs\shoppingcart\vendor\cakephp\cakephp\src\Http\Server.php(70): Cake\Http\BaseApplication->bootstrap()
#3 D:\xampp\htdocs\shoppingcart\webroot\index.php(37): Cake\Http\Server->run()
#4 {main}


2017-07-11 13:08:15 Error: [Cake\Core\Exception\MissingPluginException] Plugin Sourcefragment/UserAuthentication could not be found. in D:\xampp\htdocs\shoppingcart\vendor\cakephp\cakephp\src\Core\Plugin.php on line 149
Exception Attributes: array (
  'plugin' => 'Sourcefragment/UserAuthentication',
)
Stack Trace:
#0 D:\xampp\htdocs\shoppingcart\config\bootstrap.php(224): Cake\Core\Plugin::load('Sourcefragment/...', Array)
#1 D:\xampp\htdocs\shoppingcart\vendor\cakephp\cakephp\src\Http\BaseApplication.php(61): require_once('D:\\xampp\\htdocs...')
#2 D:\xampp\htdocs\shoppingcart\vendor\cakephp\cakephp\src\Http\Server.php(70): Cake\Http\BaseApplication->bootstrap()
#3 D:\xampp\htdocs\shoppingcart\webroot\index.php(37): Cake\Http\Server->run()
#4 {main}


2017-07-11 13:08:15 Error: [Cake\Core\Exception\MissingPluginException] Plugin Sourcefragment/UserAuthentication could not be found. in D:\xampp\htdocs\shoppingcart\vendor\cakephp\cakephp\src\Core\Plugin.php on line 149
Exception Attributes: array (
  'plugin' => 'Sourcefragment/UserAuthentication',
)
Stack Trace:
#0 D:\xampp\htdocs\shoppingcart\config\bootstrap.php(224): Cake\Core\Plugin::load('Sourcefragment/...', Array)
#1 D:\xampp\htdocs\shoppingcart\vendor\cakephp\cakephp\src\Http\BaseApplication.php(61): require_once('D:\\xampp\\htdocs...')
#2 D:\xampp\htdocs\shoppingcart\vendor\cakephp\cakephp\src\Http\Server.php(70): Cake\Http\BaseApplication->bootstrap()
#3 D:\xampp\htdocs\shoppingcart\webroot\index.php(37): Cake\Http\Server->run()
#4 {main}


2017-07-11 13:08:15 Error: [Cake\Core\Exception\MissingPluginException] Plugin Sourcefragment/UserAuthentication could not be found. in D:\xampp\htdocs\shoppingcart\vendor\cakephp\cakephp\src\Core\Plugin.php on line 149
Exception Attributes: array (
  'plugin' => 'Sourcefragment/UserAuthentication',
)
Stack Trace:
#0 D:\xampp\htdocs\shoppingcart\config\bootstrap.php(224): Cake\Core\Plugin::load('Sourcefragment/...', Array)
#1 D:\xampp\htdocs\shoppingcart\vendor\cakephp\cakephp\src\Http\BaseApplication.php(61): require_once('D:\\xampp\\htdocs...')
#2 D:\xampp\htdocs\shoppingcart\vendor\cakephp\cakephp\src\Http\Server.php(70): Cake\Http\BaseApplication->bootstrap()
#3 D:\xampp\htdocs\shoppingcart\webroot\index.php(37): Cake\Http\Server->run()
#4 {main}


2017-07-11 13:08:15 Error: [Cake\Core\Exception\MissingPluginException] Plugin Sourcefragment/UserAuthentication could not be found. in D:\xampp\htdocs\shoppingcart\vendor\cakephp\cakephp\src\Core\Plugin.php on line 149
Exception Attributes: array (
  'plugin' => 'Sourcefragment/UserAuthentication',
)
Stack Trace:
#0 D:\xampp\htdocs\shoppingcart\config\bootstrap.php(224): Cake\Core\Plugin::load('Sourcefragment/...', Array)
#1 D:\xampp\htdocs\shoppingcart\vendor\cakephp\cakephp\src\Http\BaseApplication.php(61): require_once('D:\\xampp\\htdocs...')
#2 D:\xampp\htdocs\shoppingcart\vendor\cakephp\cakephp\src\Http\Server.php(70): Cake\Http\BaseApplication->bootstrap()
#3 D:\xampp\htdocs\shoppingcart\webroot\index.php(37): Cake\Http\Server->run()
#4 {main}


2017-07-11 13:08:15 Error: [Cake\Core\Exception\MissingPluginException] Plugin Sourcefragment/UserAuthentication could not be found. in D:\xampp\htdocs\shoppingcart\vendor\cakephp\cakephp\src\Core\Plugin.php on line 149
Exception Attributes: array (
  'plugin' => 'Sourcefragment/UserAuthentication',
)
Stack Trace:
#0 D:\xampp\htdocs\shoppingcart\config\bootstrap.php(224): Cake\Core\Plugin::load('Sourcefragment/...', Array)
#1 D:\xampp\htdocs\shoppingcart\vendor\cakephp\cakephp\src\Http\BaseApplication.php(61): require_once('D:\\xampp\\htdocs...')
#2 D:\xampp\htdocs\shoppingcart\vendor\cakephp\cakephp\src\Http\Server.php(70): Cake\Http\BaseApplication->bootstrap()
#3 D:\xampp\htdocs\shoppingcart\webroot\index.php(37): Cake\Http\Server->run()
#4 {main}


2017-07-11 13:08:15 Error: [Cake\Core\Exception\MissingPluginException] Plugin Sourcefragment/UserAuthentication could not be found. in D:\xampp\htdocs\shoppingcart\vendor\cakephp\cakephp\src\Core\Plugin.php on line 149
Exception Attributes: array (
  'plugin' => 'Sourcefragment/UserAuthentication',
)
Stack Trace:
#0 D:\xampp\htdocs\shoppingcart\config\bootstrap.php(224): Cake\Core\Plugin::load('Sourcefragment/...', Array)
#1 D:\xampp\htdocs\shoppingcart\vendor\cakephp\cakephp\src\Http\BaseApplication.php(61): require_once('D:\\xampp\\htdocs...')
#2 D:\xampp\htdocs\shoppingcart\vendor\cakephp\cakephp\src\Http\Server.php(70): Cake\Http\BaseApplication->bootstrap()
#3 D:\xampp\htdocs\shoppingcart\webroot\index.php(37): Cake\Http\Server->run()
#4 {main}


2017-07-11 13:08:15 Error: [Cake\Core\Exception\MissingPluginException] Plugin Sourcefragment/UserAuthentication could not be found. in D:\xampp\htdocs\shoppingcart\vendor\cakephp\cakephp\src\Core\Plugin.php on line 149
Exception Attributes: array (
  'plugin' => 'Sourcefragment/UserAuthentication',
)
Stack Trace:
#0 D:\xampp\htdocs\shoppingcart\config\bootstrap.php(224): Cake\Core\Plugin::load('Sourcefragment/...', Array)
#1 D:\xampp\htdocs\shoppingcart\vendor\cakephp\cakephp\src\Http\BaseApplication.php(61): require_once('D:\\xampp\\htdocs...')
#2 D:\xampp\htdocs\shoppingcart\vendor\cakephp\cakephp\src\Http\Server.php(70): Cake\Http\BaseApplication->bootstrap()
#3 D:\xampp\htdocs\shoppingcart\webroot\index.php(37): Cake\Http\Server->run()
#4 {main}


2017-07-11 13:08:15 Error: [Cake\Core\Exception\MissingPluginException] Plugin Sourcefragment/UserAuthentication could not be found. in D:\xampp\htdocs\shoppingcart\vendor\cakephp\cakephp\src\Core\Plugin.php on line 149
Exception Attributes: array (
  'plugin' => 'Sourcefragment/UserAuthentication',
)
Stack Trace:
#0 D:\xampp\htdocs\shoppingcart\config\bootstrap.php(224): Cake\Core\Plugin::load('Sourcefragment/...', Array)
#1 D:\xampp\htdocs\shoppingcart\vendor\cakephp\cakephp\src\Http\BaseApplication.php(61): require_once('D:\\xampp\\htdocs...')
#2 D:\xampp\htdocs\shoppingcart\vendor\cakephp\cakephp\src\Http\Server.php(70): Cake\Http\BaseApplication->bootstrap()
#3 D:\xampp\htdocs\shoppingcart\webroot\index.php(37): Cake\Http\Server->run()
#4 {main}


2017-07-11 13:08:15 Error: [Cake\Core\Exception\MissingPluginException] Plugin Sourcefragment/UserAuthentication could not be found. in D:\xampp\htdocs\shoppingcart\vendor\cakephp\cakephp\src\Core\Plugin.php on line 149
Exception Attributes: array (
  'plugin' => 'Sourcefragment/UserAuthentication',
)
Stack Trace:
#0 D:\xampp\htdocs\shoppingcart\config\bootstrap.php(224): Cake\Core\Plugin::load('Sourcefragment/...', Array)
#1 D:\xampp\htdocs\shoppingcart\vendor\cakephp\cakephp\src\Http\BaseApplication.php(61): require_once('D:\\xampp\\htdocs...')
#2 D:\xampp\htdocs\shoppingcart\vendor\cakephp\cakephp\src\Http\Server.php(70): Cake\Http\BaseApplication->bootstrap()
#3 D:\xampp\htdocs\shoppingcart\webroot\index.php(37): Cake\Http\Server->run()
#4 {main}


2017-07-11 13:08:15 Error: [Cake\Core\Exception\MissingPluginException] Plugin Sourcefragment/UserAuthentication could not be found. in D:\xampp\htdocs\shoppingcart\vendor\cakephp\cakephp\src\Core\Plugin.php on line 149
Exception Attributes: array (
  'plugin' => 'Sourcefragment/UserAuthentication',
)
Stack Trace:
#0 D:\xampp\htdocs\shoppingcart\config\bootstrap.php(224): Cake\Core\Plugin::load('Sourcefragment/...', Array)
#1 D:\xampp\htdocs\shoppingcart\vendor\cakephp\cakephp\src\Http\BaseApplication.php(61): require_once('D:\\xampp\\htdocs...')
#2 D:\xampp\htdocs\shoppingcart\vendor\cakephp\cakephp\src\Http\Server.php(70): Cake\Http\BaseApplication->bootstrap()
#3 D:\xampp\htdocs\shoppingcart\webroot\index.php(37): Cake\Http\Server->run()
#4 {main}


2017-07-11 13:08:15 Error: [Cake\Core\Exception\MissingPluginException] Plugin Sourcefragment/UserAuthentication could not be found. in D:\xampp\htdocs\shoppingcart\vendor\cakephp\cakephp\src\Core\Plugin.php on line 149
Exception Attributes: array (
  'plugin' => 'Sourcefragment/UserAuthentication',
)
Stack Trace:
#0 D:\xampp\htdocs\shoppingcart\config\bootstrap.php(224): Cake\Core\Plugin::load('Sourcefragment/...', Array)
#1 D:\xampp\htdocs\shoppingcart\vendor\cakephp\cakephp\src\Http\BaseApplication.php(61): require_once('D:\\xampp\\htdocs...')
#2 D:\xampp\htdocs\shoppingcart\vendor\cakephp\cakephp\src\Http\Server.php(70): Cake\Http\BaseApplication->bootstrap()
#3 D:\xampp\htdocs\shoppingcart\webroot\index.php(37): Cake\Http\Server->run()
#4 {main}


2017-07-11 13:08:15 Error: [Cake\Core\Exception\MissingPluginException] Plugin Sourcefragment/UserAuthentication could not be found. in D:\xampp\htdocs\shoppingcart\vendor\cakephp\cakephp\src\Core\Plugin.php on line 149
Exception Attributes: array (
  'plugin' => 'Sourcefragment/UserAuthentication',
)
Stack Trace:
#0 D:\xampp\htdocs\shoppingcart\config\bootstrap.php(224): Cake\Core\Plugin::load('Sourcefragment/...', Array)
#1 D:\xampp\htdocs\shoppingcart\vendor\cakephp\cakephp\src\Http\BaseApplication.php(61): require_once('D:\\xampp\\htdocs...')
#2 D:\xampp\htdocs\shoppingcart\vendor\cakephp\cakephp\src\Http\Server.php(70): Cake\Http\BaseApplication->bootstrap()
#3 D:\xampp\htdocs\shoppingcart\webroot\index.php(37): Cake\Http\Server->run()
#4 {main}


2017-07-11 13:08:15 Error: [Cake\Core\Exception\MissingPluginException] Plugin Sourcefragment/UserAuthentication could not be found. in D:\xampp\htdocs\shoppingcart\vendor\cakephp\cakephp\src\Core\Plugin.php on line 149
Exception Attributes: array (
  'plugin' => 'Sourcefragment/UserAuthentication',
)
Stack Trace:
#0 D:\xampp\htdocs\shoppingcart\config\bootstrap.php(224): Cake\Core\Plugin::load('Sourcefragment/...', Array)
#1 D:\xampp\htdocs\shoppingcart\vendor\cakephp\cakephp\src\Http\BaseApplication.php(61): require_once('D:\\xampp\\htdocs...')
#2 D:\xampp\htdocs\shoppingcart\vendor\cakephp\cakephp\src\Http\Server.php(70): Cake\Http\BaseApplication->bootstrap()
#3 D:\xampp\htdocs\shoppingcart\webroot\index.php(37): Cake\Http\Server->run()
#4 {main}


2017-07-11 13:08:16 Error: [Cake\Core\Exception\MissingPluginException] Plugin Sourcefragment/UserAuthentication could not be found. in D:\xampp\htdocs\shoppingcart\vendor\cakephp\cakephp\src\Core\Plugin.php on line 149
Exception Attributes: array (
  'plugin' => 'Sourcefragment/UserAuthentication',
)
Stack Trace:
#0 D:\xampp\htdocs\shoppingcart\config\bootstrap.php(224): Cake\Core\Plugin::load('Sourcefragment/...', Array)
#1 D:\xampp\htdocs\shoppingcart\vendor\cakephp\cakephp\src\Http\BaseApplication.php(61): require_once('D:\\xampp\\htdocs...')
#2 D:\xampp\htdocs\shoppingcart\vendor\cakephp\cakephp\src\Http\Server.php(70): Cake\Http\BaseApplication->bootstrap()
#3 D:\xampp\htdocs\shoppingcart\webroot\index.php(37): Cake\Http\Server->run()
#4 {main}


2017-07-11 13:08:16 Error: [Cake\Core\Exception\MissingPluginException] Plugin Sourcefragment/UserAuthentication could not be found. in D:\xampp\htdocs\shoppingcart\vendor\cakephp\cakephp\src\Core\Plugin.php on line 149
Exception Attributes: array (
  'plugin' => 'Sourcefragment/UserAuthentication',
)
Stack Trace:
#0 D:\xampp\htdocs\shoppingcart\config\bootstrap.php(224): Cake\Core\Plugin::load('Sourcefragment/...', Array)
#1 D:\xampp\htdocs\shoppingcart\vendor\cakephp\cakephp\src\Http\BaseApplication.php(61): require_once('D:\\xampp\\htdocs...')
#2 D:\xampp\htdocs\shoppingcart\vendor\cakephp\cakephp\src\Http\Server.php(70): Cake\Http\BaseApplication->bootstrap()
#3 D:\xampp\htdocs\shoppingcart\webroot\index.php(37): Cake\Http\Server->run()
#4 {main}


2017-07-11 13:08:16 Error: [Cake\Core\Exception\MissingPluginException] Plugin Sourcefragment/UserAuthentication could not be found. in D:\xampp\htdocs\shoppingcart\vendor\cakephp\cakephp\src\Core\Plugin.php on line 149
Exception Attributes: array (
  'plugin' => 'Sourcefragment/UserAuthentication',
)
Stack Trace:
#0 D:\xampp\htdocs\shoppingcart\config\bootstrap.php(224): Cake\Core\Plugin::load('Sourcefragment/...', Array)
#1 D:\xampp\htdocs\shoppingcart\vendor\cakephp\cakephp\src\Http\BaseApplication.php(61): require_once('D:\\xampp\\htdocs...')
#2 D:\xampp\htdocs\shoppingcart\vendor\cakephp\cakephp\src\Http\Server.php(70): Cake\Http\BaseApplication->bootstrap()
#3 D:\xampp\htdocs\shoppingcart\webroot\index.php(37): Cake\Http\Server->run()
#4 {main}


2017-07-11 13:08:16 Error: [Cake\Core\Exception\MissingPluginException] Plugin Sourcefragment/UserAuthentication could not be found. in D:\xampp\htdocs\shoppingcart\vendor\cakephp\cakephp\src\Core\Plugin.php on line 149
Exception Attributes: array (
  'plugin' => 'Sourcefragment/UserAuthentication',
)
Stack Trace:
#0 D:\xampp\htdocs\shoppingcart\config\bootstrap.php(224): Cake\Core\Plugin::load('Sourcefragment/...', Array)
#1 D:\xampp\htdocs\shoppingcart\vendor\cakephp\cakephp\src\Http\BaseApplication.php(61): require_once('D:\\xampp\\htdocs...')
#2 D:\xampp\htdocs\shoppingcart\vendor\cakephp\cakephp\src\Http\Server.php(70): Cake\Http\BaseApplication->bootstrap()
#3 D:\xampp\htdocs\shoppingcart\webroot\index.php(37): Cake\Http\Server->run()
#4 {main}


2017-07-11 13:08:16 Error: [Cake\Core\Exception\MissingPluginException] Plugin Sourcefragment/UserAuthentication could not be found. in D:\xampp\htdocs\shoppingcart\vendor\cakephp\cakephp\src\Core\Plugin.php on line 149
Exception Attributes: array (
  'plugin' => 'Sourcefragment/UserAuthentication',
)
Stack Trace:
#0 D:\xampp\htdocs\shoppingcart\config\bootstrap.php(224): Cake\Core\Plugin::load('Sourcefragment/...', Array)
#1 D:\xampp\htdocs\shoppingcart\vendor\cakephp\cakephp\src\Http\BaseApplication.php(61): require_once('D:\\xampp\\htdocs...')
#2 D:\xampp\htdocs\shoppingcart\vendor\cakephp\cakephp\src\Http\Server.php(70): Cake\Http\BaseApplication->bootstrap()
#3 D:\xampp\htdocs\shoppingcart\webroot\index.php(37): Cake\Http\Server->run()
#4 {main}


2017-07-11 13:08:16 Error: [Cake\Core\Exception\MissingPluginException] Plugin Sourcefragment/UserAuthentication could not be found. in D:\xampp\htdocs\shoppingcart\vendor\cakephp\cakephp\src\Core\Plugin.php on line 149
Exception Attributes: array (
  'plugin' => 'Sourcefragment/UserAuthentication',
)
Stack Trace:
#0 D:\xampp\htdocs\shoppingcart\config\bootstrap.php(224): Cake\Core\Plugin::load('Sourcefragment/...', Array)
#1 D:\xampp\htdocs\shoppingcart\vendor\cakephp\cakephp\src\Http\BaseApplication.php(61): require_once('D:\\xampp\\htdocs...')
#2 D:\xampp\htdocs\shoppingcart\vendor\cakephp\cakephp\src\Http\Server.php(70): Cake\Http\BaseApplication->bootstrap()
#3 D:\xampp\htdocs\shoppingcart\webroot\index.php(37): Cake\Http\Server->run()
#4 {main}


2017-07-11 13:08:16 Error: [Cake\Core\Exception\MissingPluginException] Plugin Sourcefragment/UserAuthentication could not be found. in D:\xampp\htdocs\shoppingcart\vendor\cakephp\cakephp\src\Core\Plugin.php on line 149
Exception Attributes: array (
  'plugin' => 'Sourcefragment/UserAuthentication',
)
Stack Trace:
#0 D:\xampp\htdocs\shoppingcart\config\bootstrap.php(224): Cake\Core\Plugin::load('Sourcefragment/...', Array)
#1 D:\xampp\htdocs\shoppingcart\vendor\cakephp\cakephp\src\Http\BaseApplication.php(61): require_once('D:\\xampp\\htdocs...')
#2 D:\xampp\htdocs\shoppingcart\vendor\cakephp\cakephp\src\Http\Server.php(70): Cake\Http\BaseApplication->bootstrap()
#3 D:\xampp\htdocs\shoppingcart\webroot\index.php(37): Cake\Http\Server->run()
#4 {main}


2017-07-11 13:08:16 Error: [Cake\Core\Exception\MissingPluginException] Plugin Sourcefragment/UserAuthentication could not be found. in D:\xampp\htdocs\shoppingcart\vendor\cakephp\cakephp\src\Core\Plugin.php on line 149
Exception Attributes: array (
  'plugin' => 'Sourcefragment/UserAuthentication',
)
Stack Trace:
#0 D:\xampp\htdocs\shoppingcart\config\bootstrap.php(224): Cake\Core\Plugin::load('Sourcefragment/...', Array)
#1 D:\xampp\htdocs\shoppingcart\vendor\cakephp\cakephp\src\Http\BaseApplication.php(61): require_once('D:\\xampp\\htdocs...')
#2 D:\xampp\htdocs\shoppingcart\vendor\cakephp\cakephp\src\Http\Server.php(70): Cake\Http\BaseApplication->bootstrap()
#3 D:\xampp\htdocs\shoppingcart\webroot\index.php(37): Cake\Http\Server->run()
#4 {main}


2017-07-11 13:08:16 Error: [Cake\Core\Exception\MissingPluginException] Plugin Sourcefragment/UserAuthentication could not be found. in D:\xampp\htdocs\shoppingcart\vendor\cakephp\cakephp\src\Core\Plugin.php on line 149
Exception Attributes: array (
  'plugin' => 'Sourcefragment/UserAuthentication',
)
Stack Trace:
#0 D:\xampp\htdocs\shoppingcart\config\bootstrap.php(224): Cake\Core\Plugin::load('Sourcefragment/...', Array)
#1 D:\xampp\htdocs\shoppingcart\vendor\cakephp\cakephp\src\Http\BaseApplication.php(61): require_once('D:\\xampp\\htdocs...')
#2 D:\xampp\htdocs\shoppingcart\vendor\cakephp\cakephp\src\Http\Server.php(70): Cake\Http\BaseApplication->bootstrap()
#3 D:\xampp\htdocs\shoppingcart\webroot\index.php(37): Cake\Http\Server->run()
#4 {main}


2017-07-11 13:08:16 Error: [Cake\Core\Exception\MissingPluginException] Plugin Sourcefragment/UserAuthentication could not be found. in D:\xampp\htdocs\shoppingcart\vendor\cakephp\cakephp\src\Core\Plugin.php on line 149
Exception Attributes: array (
  'plugin' => 'Sourcefragment/UserAuthentication',
)
Stack Trace:
#0 D:\xampp\htdocs\shoppingcart\config\bootstrap.php(224): Cake\Core\Plugin::load('Sourcefragment/...', Array)
#1 D:\xampp\htdocs\shoppingcart\vendor\cakephp\cakephp\src\Http\BaseApplication.php(61): require_once('D:\\xampp\\htdocs...')
#2 D:\xampp\htdocs\shoppingcart\vendor\cakephp\cakephp\src\Http\Server.php(70): Cake\Http\BaseApplication->bootstrap()
#3 D:\xampp\htdocs\shoppingcart\webroot\index.php(37): Cake\Http\Server->run()
#4 {main}


2017-07-11 13:08:16 Error: [Cake\Core\Exception\MissingPluginException] Plugin Sourcefragment/UserAuthentication could not be found. in D:\xampp\htdocs\shoppingcart\vendor\cakephp\cakephp\src\Core\Plugin.php on line 149
Exception Attributes: array (
  'plugin' => 'Sourcefragment/UserAuthentication',
)
Stack Trace:
#0 D:\xampp\htdocs\shoppingcart\config\bootstrap.php(224): Cake\Core\Plugin::load('Sourcefragment/...', Array)
#1 D:\xampp\htdocs\shoppingcart\vendor\cakephp\cakephp\src\Http\BaseApplication.php(61): require_once('D:\\xampp\\htdocs...')
#2 D:\xampp\htdocs\shoppingcart\vendor\cakephp\cakephp\src\Http\Server.php(70): Cake\Http\BaseApplication->bootstrap()
#3 D:\xampp\htdocs\shoppingcart\webroot\index.php(37): Cake\Http\Server->run()
#4 {main}


2017-07-11 13:08:16 Error: [Cake\Core\Exception\MissingPluginException] Plugin Sourcefragment/UserAuthentication could not be found. in D:\xampp\htdocs\shoppingcart\vendor\cakephp\cakephp\src\Core\Plugin.php on line 149
Exception Attributes: array (
  'plugin' => 'Sourcefragment/UserAuthentication',
)
Stack Trace:
#0 D:\xampp\htdocs\shoppingcart\config\bootstrap.php(224): Cake\Core\Plugin::load('Sourcefragment/...', Array)
#1 D:\xampp\htdocs\shoppingcart\vendor\cakephp\cakephp\src\Http\BaseApplication.php(61): require_once('D:\\xampp\\htdocs...')
#2 D:\xampp\htdocs\shoppingcart\vendor\cakephp\cakephp\src\Http\Server.php(70): Cake\Http\BaseApplication->bootstrap()
#3 D:\xampp\htdocs\shoppingcart\webroot\index.php(37): Cake\Http\Server->run()
#4 {main}


2017-07-11 13:08:16 Error: [Cake\Core\Exception\MissingPluginException] Plugin Sourcefragment/UserAuthentication could not be found. in D:\xampp\htdocs\shoppingcart\vendor\cakephp\cakephp\src\Core\Plugin.php on line 149
Exception Attributes: array (
  'plugin' => 'Sourcefragment/UserAuthentication',
)
Stack Trace:
#0 D:\xampp\htdocs\shoppingcart\config\bootstrap.php(224): Cake\Core\Plugin::load('Sourcefragment/...', Array)
#1 D:\xampp\htdocs\shoppingcart\vendor\cakephp\cakephp\src\Http\BaseApplication.php(61): require_once('D:\\xampp\\htdocs...')
#2 D:\xampp\htdocs\shoppingcart\vendor\cakephp\cakephp\src\Http\Server.php(70): Cake\Http\BaseApplication->bootstrap()
#3 D:\xampp\htdocs\shoppingcart\webroot\index.php(37): Cake\Http\Server->run()
#4 {main}


2017-07-11 13:08:16 Error: [Cake\Core\Exception\MissingPluginException] Plugin Sourcefragment/UserAuthentication could not be found. in D:\xampp\htdocs\shoppingcart\vendor\cakephp\cakephp\src\Core\Plugin.php on line 149
Exception Attributes: array (
  'plugin' => 'Sourcefragment/UserAuthentication',
)
Stack Trace:
#0 D:\xampp\htdocs\shoppingcart\config\bootstrap.php(224): Cake\Core\Plugin::load('Sourcefragment/...', Array)
#1 D:\xampp\htdocs\shoppingcart\vendor\cakephp\cakephp\src\Http\BaseApplication.php(61): require_once('D:\\xampp\\htdocs...')
#2 D:\xampp\htdocs\shoppingcart\vendor\cakephp\cakephp\src\Http\Server.php(70): Cake\Http\BaseApplication->bootstrap()
#3 D:\xampp\htdocs\shoppingcart\webroot\index.php(37): Cake\Http\Server->run()
#4 {main}


2017-07-12 13:47:19 Error: [Cake\Controller\Exception\MissingActionException] Action UsersController::login() could not be found, or is not accessible.
Exception Attributes: array (
  'controller' => 'UsersController',
  'action' => 'login',
  'prefix' => '',
  'plugin' => 'UserAuthentication',
)
Request URL: /login
Stack Trace:
#0 D:\xampp\htdocs\shoppingcart\vendor\cakephp\cakephp\src\Http\ActionDispatcher.php(119): Cake\Controller\Controller->invokeAction()
#1 D:\xampp\htdocs\shoppingcart\vendor\cakephp\cakephp\src\Http\ActionDispatcher.php(93): Cake\Http\ActionDispatcher->_invoke(Object(UserAuthentication\Controller\UsersController))
#2 D:\xampp\htdocs\shoppingcart\vendor\cakephp\cakephp\src\Http\BaseApplication.php(78): Cake\Http\ActionDispatcher->dispatch(Object(Cake\Http\ServerRequest), Object(Cake\Http\Response))
#3 D:\xampp\htdocs\shoppingcart\vendor\cakephp\cakephp\src\Http\Runner.php(65): Cake\Http\BaseApplication->__invoke(Object(Cake\Http\ServerRequest), Object(Cake\Http\Response), Object(Cake\Http\Runner))
#4 D:\xampp\htdocs\shoppingcart\vendor\cakephp\cakephp\src\Routing\Middleware\RoutingMiddleware.php(59): Cake\Http\Runner->__invoke(Object(Cake\Http\ServerRequest), Object(Cake\Http\Response))
#5 D:\xampp\htdocs\shoppingcart\vendor\cakephp\cakephp\src\Http\Runner.php(65): Cake\Routing\Middleware\RoutingMiddleware->__invoke(Object(Cake\Http\ServerRequest), Object(Cake\Http\Response), Object(Cake\Http\Runner))
#6 D:\xampp\htdocs\shoppingcart\vendor\cakephp\cakephp\src\Routing\Middleware\AssetMiddleware.php(88): Cake\Http\Runner->__invoke(Object(Cake\Http\ServerRequest), Object(Cake\Http\Response))
#7 D:\xampp\htdocs\shoppingcart\vendor\cakephp\cakephp\src\Http\Runner.php(65): Cake\Routing\Middleware\AssetMiddleware->__invoke(Object(Cake\Http\ServerRequest), Object(Cake\Http\Response), Object(Cake\Http\Runner))
#8 D:\xampp\htdocs\shoppingcart\vendor\cakephp\cakephp\src\Error\Middleware\ErrorHandlerMiddleware.php(92): Cake\Http\Runner->__invoke(Object(Cake\Http\ServerRequest), Object(Cake\Http\Response))
#9 D:\xampp\htdocs\shoppingcart\vendor\cakephp\cakephp\src\Http\Runner.php(65): Cake\Error\Middleware\ErrorHandlerMiddleware->__invoke(Object(Cake\Http\ServerRequest), Object(Cake\Http\Response), Object(Cake\Http\Runner))
#10 D:\xampp\htdocs\shoppingcart\vendor\cakephp\debug_kit\src\Middleware\DebugKitMiddleware.php(52): Cake\Http\Runner->__invoke(Object(Cake\Http\ServerRequest), Object(Cake\Http\Response))
#11 D:\xampp\htdocs\shoppingcart\vendor\cakephp\cakephp\src\Http\Runner.php(65): DebugKit\Middleware\DebugKitMiddleware->__invoke(Object(Cake\Http\ServerRequest), Object(Cake\Http\Response), Object(Cake\Http\Runner))
#12 D:\xampp\htdocs\shoppingcart\vendor\cakephp\cakephp\src\Http\Runner.php(51): Cake\Http\Runner->__invoke(Object(Cake\Http\ServerRequest), Object(Cake\Http\Response))
#13 D:\xampp\htdocs\shoppingcart\vendor\cakephp\cakephp\src\Http\Server.php(80): Cake\Http\Runner->run(Object(Cake\Http\MiddlewareQueue), Object(Cake\Http\ServerRequest), Object(Cake\Http\Response))
#14 D:\xampp\htdocs\shoppingcart\webroot\index.php(37): Cake\Http\Server->run()
#15 {main}


2017-07-12 14:01:13 Error: [Cake\Controller\Exception\MissingActionException] Action UsersController::login() could not be found, or is not accessible.
Exception Attributes: array (
  'controller' => 'UsersController',
  'action' => 'login',
  'prefix' => '',
  'plugin' => 'UserAuthentication',
)
Request URL: /login
Stack Trace:
#0 D:\xampp\htdocs\shoppingcart\vendor\cakephp\cakephp\src\Http\ActionDispatcher.php(119): Cake\Controller\Controller->invokeAction()
#1 D:\xampp\htdocs\shoppingcart\vendor\cakephp\cakephp\src\Http\ActionDispatcher.php(93): Cake\Http\ActionDispatcher->_invoke(Object(UserAuthentication\Controller\UsersController))
#2 D:\xampp\htdocs\shoppingcart\vendor\cakephp\cakephp\src\Http\BaseApplication.php(78): Cake\Http\ActionDispatcher->dispatch(Object(Cake\Http\ServerRequest), Object(Cake\Http\Response))
#3 D:\xampp\htdocs\shoppingcart\vendor\cakephp\cakephp\src\Http\Runner.php(65): Cake\Http\BaseApplication->__invoke(Object(Cake\Http\ServerRequest), Object(Cake\Http\Response), Object(Cake\Http\Runner))
#4 D:\xampp\htdocs\shoppingcart\vendor\cakephp\cakephp\src\Routing\Middleware\RoutingMiddleware.php(59): Cake\Http\Runner->__invoke(Object(Cake\Http\ServerRequest), Object(Cake\Http\Response))
#5 D:\xampp\htdocs\shoppingcart\vendor\cakephp\cakephp\src\Http\Runner.php(65): Cake\Routing\Middleware\RoutingMiddleware->__invoke(Object(Cake\Http\ServerRequest), Object(Cake\Http\Response), Object(Cake\Http\Runner))
#6 D:\xampp\htdocs\shoppingcart\vendor\cakephp\cakephp\src\Routing\Middleware\AssetMiddleware.php(88): Cake\Http\Runner->__invoke(Object(Cake\Http\ServerRequest), Object(Cake\Http\Response))
#7 D:\xampp\htdocs\shoppingcart\vendor\cakephp\cakephp\src\Http\Runner.php(65): Cake\Routing\Middleware\AssetMiddleware->__invoke(Object(Cake\Http\ServerRequest), Object(Cake\Http\Response), Object(Cake\Http\Runner))
#8 D:\xampp\htdocs\shoppingcart\vendor\cakephp\cakephp\src\Error\Middleware\ErrorHandlerMiddleware.php(92): Cake\Http\Runner->__invoke(Object(Cake\Http\ServerRequest), Object(Cake\Http\Response))
#9 D:\xampp\htdocs\shoppingcart\vendor\cakephp\cakephp\src\Http\Runner.php(65): Cake\Error\Middleware\ErrorHandlerMiddleware->__invoke(Object(Cake\Http\ServerRequest), Object(Cake\Http\Response), Object(Cake\Http\Runner))
#10 D:\xampp\htdocs\shoppingcart\vendor\cakephp\debug_kit\src\Middleware\DebugKitMiddleware.php(52): Cake\Http\Runner->__invoke(Object(Cake\Http\ServerRequest), Object(Cake\Http\Response))
#11 D:\xampp\htdocs\shoppingcart\vendor\cakephp\cakephp\src\Http\Runner.php(65): DebugKit\Middleware\DebugKitMiddleware->__invoke(Object(Cake\Http\ServerRequest), Object(Cake\Http\Response), Object(Cake\Http\Runner))
#12 D:\xampp\htdocs\shoppingcart\vendor\cakephp\cakephp\src\Http\Runner.php(51): Cake\Http\Runner->__invoke(Object(Cake\Http\ServerRequest), Object(Cake\Http\Response))
#13 D:\xampp\htdocs\shoppingcart\vendor\cakephp\cakephp\src\Http\Server.php(80): Cake\Http\Runner->run(Object(Cake\Http\MiddlewareQueue), Object(Cake\Http\ServerRequest), Object(Cake\Http\Response))
#14 D:\xampp\htdocs\shoppingcart\webroot\index.php(37): Cake\Http\Server->run()
#15 {main}


2017-07-12 14:20:49 Error: [Cake\Controller\Exception\MissingActionException] Action UsersController::login() could not be found, or is not accessible.
Exception Attributes: array (
  'controller' => 'UsersController',
  'action' => 'login',
  'prefix' => '',
  'plugin' => 'UserAuthentication',
)
Request URL: /login
Stack Trace:
#0 D:\xampp\htdocs\shoppingcart\vendor\cakephp\cakephp\src\Http\ActionDispatcher.php(119): Cake\Controller\Controller->invokeAction()
#1 D:\xampp\htdocs\shoppingcart\vendor\cakephp\cakephp\src\Http\ActionDispatcher.php(93): Cake\Http\ActionDispatcher->_invoke(Object(UserAuthentication\Controller\UsersController))
#2 D:\xampp\htdocs\shoppingcart\vendor\cakephp\cakephp\src\Http\BaseApplication.php(78): Cake\Http\ActionDispatcher->dispatch(Object(Cake\Http\ServerRequest), Object(Cake\Http\Response))
#3 D:\xampp\htdocs\shoppingcart\vendor\cakephp\cakephp\src\Http\Runner.php(65): Cake\Http\BaseApplication->__invoke(Object(Cake\Http\ServerRequest), Object(Cake\Http\Response), Object(Cake\Http\Runner))
#4 D:\xampp\htdocs\shoppingcart\vendor\cakephp\cakephp\src\Routing\Middleware\RoutingMiddleware.php(59): Cake\Http\Runner->__invoke(Object(Cake\Http\ServerRequest), Object(Cake\Http\Response))
#5 D:\xampp\htdocs\shoppingcart\vendor\cakephp\cakephp\src\Http\Runner.php(65): Cake\Routing\Middleware\RoutingMiddleware->__invoke(Object(Cake\Http\ServerRequest), Object(Cake\Http\Response), Object(Cake\Http\Runner))
#6 D:\xampp\htdocs\shoppingcart\vendor\cakephp\cakephp\src\Routing\Middleware\AssetMiddleware.php(88): Cake\Http\Runner->__invoke(Object(Cake\Http\ServerRequest), Object(Cake\Http\Response))
#7 D:\xampp\htdocs\shoppingcart\vendor\cakephp\cakephp\src\Http\Runner.php(65): Cake\Routing\Middleware\AssetMiddleware->__invoke(Object(Cake\Http\ServerRequest), Object(Cake\Http\Response), Object(Cake\Http\Runner))
#8 D:\xampp\htdocs\shoppingcart\vendor\cakephp\cakephp\src\Error\Middleware\ErrorHandlerMiddleware.php(92): Cake\Http\Runner->__invoke(Object(Cake\Http\ServerRequest), Object(Cake\Http\Response))
#9 D:\xampp\htdocs\shoppingcart\vendor\cakephp\cakephp\src\Http\Runner.php(65): Cake\Error\Middleware\ErrorHandlerMiddleware->__invoke(Object(Cake\Http\ServerRequest), Object(Cake\Http\Response), Object(Cake\Http\Runner))
#10 D:\xampp\htdocs\shoppingcart\vendor\cakephp\debug_kit\src\Middleware\DebugKitMiddleware.php(52): Cake\Http\Runner->__invoke(Object(Cake\Http\ServerRequest), Object(Cake\Http\Response))
#11 D:\xampp\htdocs\shoppingcart\vendor\cakephp\cakephp\src\Http\Runner.php(65): DebugKit\Middleware\DebugKitMiddleware->__invoke(Object(Cake\Http\ServerRequest), Object(Cake\Http\Response), Object(Cake\Http\Runner))
#12 D:\xampp\htdocs\shoppingcart\vendor\cakephp\cakephp\src\Http\Runner.php(51): Cake\Http\Runner->__invoke(Object(Cake\Http\ServerRequest), Object(Cake\Http\Response))
#13 D:\xampp\htdocs\shoppingcart\vendor\cakephp\cakephp\src\Http\Server.php(80): Cake\Http\Runner->run(Object(Cake\Http\MiddlewareQueue), Object(Cake\Http\ServerRequest), Object(Cake\Http\Response))
#14 D:\xampp\htdocs\shoppingcart\webroot\index.php(37): Cake\Http\Server->run()
#15 {main}


2017-07-12 14:27:08 Error: [Cake\Controller\Exception\MissingActionException] Action UsersController::login() could not be found, or is not accessible.
Exception Attributes: array (
  'controller' => 'UsersController',
  'action' => 'login',
  'prefix' => '',
  'plugin' => 'UserAuthentication',
)
Request URL: /login
Stack Trace:
#0 D:\xampp\htdocs\shoppingcart\vendor\cakephp\cakephp\src\Http\ActionDispatcher.php(119): Cake\Controller\Controller->invokeAction()
#1 D:\xampp\htdocs\shoppingcart\vendor\cakephp\cakephp\src\Http\ActionDispatcher.php(93): Cake\Http\ActionDispatcher->_invoke(Object(UserAuthentication\Controller\UsersController))
#2 D:\xampp\htdocs\shoppingcart\vendor\cakephp\cakephp\src\Http\BaseApplication.php(78): Cake\Http\ActionDispatcher->dispatch(Object(Cake\Http\ServerRequest), Object(Cake\Http\Response))
#3 D:\xampp\htdocs\shoppingcart\vendor\cakephp\cakephp\src\Http\Runner.php(65): Cake\Http\BaseApplication->__invoke(Object(Cake\Http\ServerRequest), Object(Cake\Http\Response), Object(Cake\Http\Runner))
#4 D:\xampp\htdocs\shoppingcart\vendor\cakephp\cakephp\src\Routing\Middleware\RoutingMiddleware.php(59): Cake\Http\Runner->__invoke(Object(Cake\Http\ServerRequest), Object(Cake\Http\Response))
#5 D:\xampp\htdocs\shoppingcart\vendor\cakephp\cakephp\src\Http\Runner.php(65): Cake\Routing\Middleware\RoutingMiddleware->__invoke(Object(Cake\Http\ServerRequest), Object(Cake\Http\Response), Object(Cake\Http\Runner))
#6 D:\xampp\htdocs\shoppingcart\vendor\cakephp\cakephp\src\Routing\Middleware\AssetMiddleware.php(88): Cake\Http\Runner->__invoke(Object(Cake\Http\ServerRequest), Object(Cake\Http\Response))
#7 D:\xampp\htdocs\shoppingcart\vendor\cakephp\cakephp\src\Http\Runner.php(65): Cake\Routing\Middleware\AssetMiddleware->__invoke(Object(Cake\Http\ServerRequest), Object(Cake\Http\Response), Object(Cake\Http\Runner))
#8 D:\xampp\htdocs\shoppingcart\vendor\cakephp\cakephp\src\Error\Middleware\ErrorHandlerMiddleware.php(92): Cake\Http\Runner->__invoke(Object(Cake\Http\ServerRequest), Object(Cake\Http\Response))
#9 D:\xampp\htdocs\shoppingcart\vendor\cakephp\cakephp\src\Http\Runner.php(65): Cake\Error\Middleware\ErrorHandlerMiddleware->__invoke(Object(Cake\Http\ServerRequest), Object(Cake\Http\Response), Object(Cake\Http\Runner))
#10 D:\xampp\htdocs\shoppingcart\vendor\cakephp\debug_kit\src\Middleware\DebugKitMiddleware.php(52): Cake\Http\Runner->__invoke(Object(Cake\Http\ServerRequest), Object(Cake\Http\Response))
#11 D:\xampp\htdocs\shoppingcart\vendor\cakephp\cakephp\src\Http\Runner.php(65): DebugKit\Middleware\DebugKitMiddleware->__invoke(Object(Cake\Http\ServerRequest), Object(Cake\Http\Response), Object(Cake\Http\Runner))
#12 D:\xampp\htdocs\shoppingcart\vendor\cakephp\cakephp\src\Http\Runner.php(51): Cake\Http\Runner->__invoke(Object(Cake\Http\ServerRequest), Object(Cake\Http\Response))
#13 D:\xampp\htdocs\shoppingcart\vendor\cakephp\cakephp\src\Http\Server.php(80): Cake\Http\Runner->run(Object(Cake\Http\MiddlewareQueue), Object(Cake\Http\ServerRequest), Object(Cake\Http\Response))
#14 D:\xampp\htdocs\shoppingcart\webroot\index.php(37): Cake\Http\Server->run()
#15 {main}


2017-07-12 14:28:58 Error: Fatal Error (1): Trait 'UserAuthentication\Controller\Traits\CustomUserTableTrait' not found in [D:\xampp\htdocs\shoppingcart\plugins\UserAuthentication\src\Controller\Traits\LoginTrait.php, line 28]
Request URL: /login
Client IP: 127.0.0.1
Trace:
Cake\Error\BaseErrorHandler::handleFatalError() - CORE\src\Error\BaseErrorHandler.php, line 223
Cake\Error\BaseErrorHandler::Cake\Error\{closure}() - CORE\src\Error\BaseErrorHandler.php, line 105
[main] - [internal], line ??



2017-07-12 14:28:58 Error: [Cake\Error\FatalErrorException] Trait 'UserAuthentication\Controller\Traits\CustomUserTableTrait' not found in D:\xampp\htdocs\shoppingcart\plugins\UserAuthentication\src\Controller\Traits\LoginTrait.php on line 28
Request URL: /login
Client IP: 127.0.0.1
Stack Trace:
#0 D:\xampp\htdocs\shoppingcart\vendor\cakephp\cakephp\src\Error\BaseErrorHandler.php(105): Cake\Error\BaseErrorHandler->handleFatalError(1, 'Trait 'UserAuth...', 'D:\\xampp\\htdocs...', 28)
#1 [internal function]: Cake\Error\BaseErrorHandler->Cake\Error\{closure}()
#2 {main}


2017-07-12 14:30:35 Error: Fatal Error (1): Trait 'UserAuthentication\Controller\Traits\CustomUserTableTrait' not found in [D:\xampp\htdocs\shoppingcart\plugins\UserAuthentication\src\Controller\Traits\LoginTrait.php, line 28]
Request URL: /login
Client IP: 127.0.0.1
Trace:
Cake\Error\BaseErrorHandler::handleFatalError() - CORE\src\Error\BaseErrorHandler.php, line 223
Cake\Error\BaseErrorHandler::Cake\Error\{closure}() - CORE\src\Error\BaseErrorHandler.php, line 105
[main] - [internal], line ??



2017-07-12 14:30:35 Error: [Cake\Error\FatalErrorException] Trait 'UserAuthentication\Controller\Traits\CustomUserTableTrait' not found in D:\xampp\htdocs\shoppingcart\plugins\UserAuthentication\src\Controller\Traits\LoginTrait.php on line 28
Request URL: /login
Client IP: 127.0.0.1
Stack Trace:
#0 D:\xampp\htdocs\shoppingcart\vendor\cakephp\cakephp\src\Error\BaseErrorHandler.php(105): Cake\Error\BaseErrorHandler->handleFatalError(1, 'Trait 'UserAuth...', 'D:\\xampp\\htdocs...', 28)
#1 [internal function]: Cake\Error\BaseErrorHandler->Cake\Error\{closure}()
#2 {main}


